[ 2016-07-17T00:14:42+08:00 ] 124.227.106.218 /weixintest/webroot/
INFO: [ app_begin ] --START--
INFO: Run Behavior\ReadHtmlCache [ RunTime:0.000276s ]
INFO: [ app_begin ] --END-- [ RunTime:0.000336s ]
INFO: [ view_parse ] --START--
INFO: [ template_filter ] --START--
INFO: Run Behavior\ContentReplace [ RunTime:0.000014s ]
INFO: [ template_filter ] --END-- [ RunTime:0.000046s ]
INFO: Run Behavior\ParseTemplate [ RunTime:0.003901s ]
INFO: [ view_parse ] --END-- [ RunTime:0.003932s ]
INFO: [ view_filter ] --START--
INFO: Run Behavior\WriteHtmlCache [ RunTime:0.000087s ]
INFO: [ view_filter ] --END-- [ RunTime:0.000112s ]
INFO: [ app_end ] --START--
INFO: Run Behavior\ShowPageTrace [ RunTime:0.000286s ]
INFO: [ app_end ] --END-- [ RunTime:0.000311s ]

[ 2016-07-17T00:25:08+08:00 ] 124.227.106.218 /weixintest/webroot/
INFO: [ app_begin ] --START--
INFO: Run Behavior\ReadHtmlCache [ RunTime:0.000245s ]
INFO: [ app_begin ] --END-- [ RunTime:0.000487s ]
INFO: [ view_parse ] --START--
INFO: [ template_filter ] --START--
INFO: Run Behavior\ContentReplace [ RunTime:0.000014s ]
INFO: [ template_filter ] --END-- [ RunTime:0.000045s ]
INFO: Run Behavior\ParseTemplate [ RunTime:0.003519s ]
INFO: [ view_parse ] --END-- [ RunTime:0.003548s ]
INFO: [ view_filter ] --START--
INFO: Run Behavior\WriteHtmlCache [ RunTime:0.000079s ]
INFO: [ view_filter ] --END-- [ RunTime:0.000099s ]
INFO: [ app_end ] --START--
INFO: Run Behavior\ShowPageTrace [ RunTime:0.000273s ]
INFO: [ app_end ] --END-- [ RunTime:0.000295s ]

[ 2016-07-17T00:31:04+08:00 ] 124.227.106.218 /weixintest/webroot/
INFO: [ app_begin ] --START--
INFO: Run Behavior\ReadHtmlCache [ RunTime:0.000303s ]
INFO: [ app_begin ] --END-- [ RunTime:0.000521s ]
NOTIC: [8] Undefined index: timestamp /usr/local/nginx/html/weixintest/webroot/Application/Home/Controller/IndexController.class.php 第 12 行.
NOTIC: [8] Undefined index: nonce /usr/local/nginx/html/weixintest/webroot/Application/Home/Controller/IndexController.class.php 第 13 行.
NOTIC: [8] Undefined index: signature /usr/local/nginx/html/weixintest/webroot/Application/Home/Controller/IndexController.class.php 第 15 行.
INFO: [ app_end ] --START--
INFO: Run Behavior\ShowPageTrace [ RunTime:0.000294s ]
INFO: [ app_end ] --END-- [ RunTime:0.000325s ]

[ 2016-07-17T00:31:50+08:00 ] 180.153.206.24 /weixintest/webroot/
INFO: [ app_begin ] --START--
INFO: Run Behavior\ReadHtmlCache [ RunTime:0.000281s ]
INFO: [ app_begin ] --END-- [ RunTime:0.000518s ]
NOTIC: [8] Undefined index: timestamp /usr/local/nginx/html/weixintest/webroot/Application/Home/Controller/IndexController.class.php 第 12 行.
NOTIC: [8] Undefined index: nonce /usr/local/nginx/html/weixintest/webroot/Application/Home/Controller/IndexController.class.php 第 13 行.
NOTIC: [8] Undefined index: signature /usr/local/nginx/html/weixintest/webroot/Application/Home/Controller/IndexController.class.php 第 15 行.
INFO: [ app_end ] --START--
INFO: Run Behavior\ShowPageTrace [ RunTime:0.000297s ]
INFO: [ app_end ] --END-- [ RunTime:0.000327s ]

[ 2016-07-17T00:31:50+08:00 ] 140.207.54.76 /weixintest/webroot/?signature=d491e37581b421d89946909d8263ad163cffb14c&echostr=7117106870015126007&timestamp=1468686710&nonce=676041929
INFO: [ app_begin ] --START--
INFO: Run Behavior\ReadHtmlCache [ RunTime:0.000257s ]
INFO: [ app_begin ] --END-- [ RunTime:0.000478s ]
INFO: [ app_end ] --START--
INFO: Run Behavior\ShowPageTrace [ RunTime:0.000343s ]
INFO: [ app_end ] --END-- [ RunTime:0.000389s ]

[ 2016-07-17T00:31:50+08:00 ] 112.64.235.252 /weixintest/webroot/
INFO: [ app_begin ] --START--
INFO: Run Behavior\ReadHtmlCache [ RunTime:0.000251s ]
INFO: [ app_begin ] --END-- [ RunTime:0.000472s ]
NOTIC: [8] Undefined index: timestamp /usr/local/nginx/html/weixintest/webroot/Application/Home/Controller/IndexController.class.php 第 12 行.
NOTIC: [8] Undefined index: nonce /usr/local/nginx/html/weixintest/webroot/Application/Home/Controller/IndexController.class.php 第 13 行.
NOTIC: [8] Undefined index: signature /usr/local/nginx/html/weixintest/webroot/Application/Home/Controller/IndexController.class.php 第 15 行.
INFO: [ app_end ] --START--
INFO: Run Behavior\ShowPageTrace [ RunTime:0.000324s ]
INFO: [ app_end ] --END-- [ RunTime:0.000354s ]

[ 2016-07-17T00:31:57+08:00 ] 101.226.103.70 /weixintest/webroot/?signature=93605a8afd2efee81e932beb3881bcec889ef43e&echostr=5594118144991882239&timestamp=1468686717&nonce=565397843
INFO: [ app_begin ] --START--
INFO: Run Behavior\ReadHtmlCache [ RunTime:0.000265s ]
INFO: [ app_begin ] --END-- [ RunTime:0.000503s ]
INFO: [ app_end ] --START--
INFO: Run Behavior\ShowPageTrace [ RunTime:0.000304s ]
INFO: [ app_end ] --END-- [ RunTime:0.000341s ]

[ 2016-07-17T00:32:05+08:00 ] 58.247.206.150 /weixintest/webroot/?signature=c70605fea3d9a09c2df73f1a617a6a7a83db09d5&echostr=4249788845854981525&timestamp=1468686725&nonce=1540704046
INFO: [ app_begin ] --START--
INFO: Run Behavior\ReadHtmlCache [ RunTime:0.000241s ]
INFO: [ app_begin ] --END-- [ RunTime:0.000449s ]

[ 2016-07-17T01:13:24+08:00 ] 103.7.30.107 /weixintest/webroot/?signature=4d7315de5b59a10a4514159ba33532aabc8b6338&timestamp=1468689204&nonce=1262047325&openid=oqityw7zaDB5TlSQRBzQlijTeky8&encrypt_type=aes&msg_signature=d201f70c797434586ac6f3c8f227f04c4d268b4a
INFO: [ app_begin ] --START--
INFO: Run Behavior\ReadHtmlCache [ RunTime:0.000238s ]
INFO: [ app_begin ] --END-- [ RunTime:0.000438s ]
NOTIC: [8] Undefined index: echostr /usr/local/nginx/html/weixintest/webroot/Application/Home/Controller/IndexController.class.php 第 15 行.
NOTIC: [8] Undefined index: HTTP_RAW_POST_DATA /usr/local/nginx/html/weixintest/webroot/Application/Home/Controller/IndexController.class.php 第 31 行.
NOTIC: [8] Trying to get property of non-object /usr/local/nginx/html/weixintest/webroot/Application/Home/Controller/IndexController.class.php 第 33 行.
INFO: [ app_end ] --START--
INFO: Run Behavior\ShowPageTrace [ RunTime:0.000280s ]
INFO: [ app_end ] --END-- [ RunTime:0.000307s ]

[ 2016-07-17T01:30:12+08:00 ] 103.7.30.107 /weixintest/webroot/?signature=b4ba6b7ae8e02bdacbdfcb01d8546855d6f01e65&timestamp=1468690212&nonce=1787749208&openid=oqityw7zaDB5TlSQRBzQlijTeky8&encrypt_type=aes&msg_signature=0e606a07c23de72d8a4259c88f0efa929fa3dcf5
INFO: [ app_begin ] --START--
INFO: Run Behavior\ReadHtmlCache [ RunTime:0.000257s ]
INFO: [ app_begin ] --END-- [ RunTime:0.000465s ]
NOTIC: [8] Undefined index: echostr /usr/local/nginx/html/weixintest/webroot/Application/Home/Controller/IndexController.class.php 第 15 行.
NOTIC: [8] Undefined index: HTTP_RAW_POST_DATA /usr/local/nginx/html/weixintest/webroot/Application/Home/Controller/IndexController.class.php 第 31 行.
NOTIC: [8] Trying to get property of non-object /usr/local/nginx/html/weixintest/webroot/Application/Home/Controller/IndexController.class.php 第 33 行.
INFO: [ app_end ] --START--
INFO: Run Behavior\ShowPageTrace [ RunTime:0.000259s ]
INFO: [ app_end ] --END-- [ RunTime:0.000285s ]

[ 2016-07-17T01:31:23+08:00 ] 124.227.106.218 /weixintest/webroot/
INFO: [ app_begin ] --START--
INFO: Run Behavior\ReadHtmlCache [ RunTime:0.000242s ]
INFO: [ app_begin ] --END-- [ RunTime:0.000460s ]
NOTIC: [8] Undefined index: timestamp /usr/local/nginx/html/weixintest/webroot/Application/Home/Controller/IndexController.class.php 第 12 行.
NOTIC: [8] Undefined index: nonce /usr/local/nginx/html/weixintest/webroot/Application/Home/Controller/IndexController.class.php 第 13 行.
NOTIC: [8] Undefined index: echostr /usr/local/nginx/html/weixintest/webroot/Application/Home/Controller/IndexController.class.php 第 15 行.
NOTIC: [8] Undefined index: signature /usr/local/nginx/html/weixintest/webroot/Application/Home/Controller/IndexController.class.php 第 16 行.
NOTIC: [8] Undefined index: HTTP_RAW_POST_DATA /usr/local/nginx/html/weixintest/webroot/Application/Home/Controller/IndexController.class.php 第 31 行.
NOTIC: [8] Trying to get property of non-object /usr/local/nginx/html/weixintest/webroot/Application/Home/Controller/IndexController.class.php 第 33 行.
INFO: [ app_end ] --START--
INFO: Run Behavior\ShowPageTrace [ RunTime:0.000269s ]
INFO: [ app_end ] --END-- [ RunTime:0.000310s ]

[ 2016-07-17T01:31:28+08:00 ] 124.227.106.218 /weixintest/webroot/
INFO: [ app_begin ] --START--
INFO: Run Behavior\ReadHtmlCache [ RunTime:0.000284s ]
INFO: [ app_begin ] --END-- [ RunTime:0.000554s ]
NOTIC: [8] Undefined index: timestamp /usr/local/nginx/html/weixintest/webroot/Application/Home/Controller/IndexController.class.php 第 12 行.
NOTIC: [8] Undefined index: nonce /usr/local/nginx/html/weixintest/webroot/Application/Home/Controller/IndexController.class.php 第 13 行.
NOTIC: [8] Undefined index: echostr /usr/local/nginx/html/weixintest/webroot/Application/Home/Controller/IndexController.class.php 第 15 行.
NOTIC: [8] Undefined index: signature /usr/local/nginx/html/weixintest/webroot/Application/Home/Controller/IndexController.class.php 第 16 行.
NOTIC: [8] Undefined index: HTTP_RAW_POST_DATA /usr/local/nginx/html/weixintest/webroot/Application/Home/Controller/IndexController.class.php 第 31 行.
NOTIC: [8] Trying to get property of non-object /usr/local/nginx/html/weixintest/webroot/Application/Home/Controller/IndexController.class.php 第 33 行.
INFO: [ app_end ] --START--
INFO: Run Behavior\ShowPageTrace [ RunTime:0.000289s ]
INFO: [ app_end ] --END-- [ RunTime:0.000318s ]

[ 2016-07-17T01:31:36+08:00 ] 124.227.106.218 /weixintest/webroot/
INFO: [ app_begin ] --START--
INFO: Run Behavior\ReadHtmlCache [ RunTime:0.000249s ]
INFO: [ app_begin ] --END-- [ RunTime:0.000457s ]
NOTIC: [8] Undefined index: timestamp /usr/local/nginx/html/weixintest/webroot/Application/Home/Controller/IndexController.class.php 第 12 行.
NOTIC: [8] Undefined index: nonce /usr/local/nginx/html/weixintest/webroot/Application/Home/Controller/IndexController.class.php 第 13 行.
NOTIC: [8] Undefined index: echostr /usr/local/nginx/html/weixintest/webroot/Application/Home/Controller/IndexController.class.php 第 15 行.
NOTIC: [8] Undefined index: signature /usr/local/nginx/html/weixintest/webroot/Application/Home/Controller/IndexController.class.php 第 16 行.
NOTIC: [8] Undefined index: HTTP_RAW_POST_DATA /usr/local/nginx/html/weixintest/webroot/Application/Home/Controller/IndexController.class.php 第 31 行.
NOTIC: [8] Trying to get property of non-object /usr/local/nginx/html/weixintest/webroot/Application/Home/Controller/IndexController.class.php 第 33 行.
INFO: [ app_end ] --START--
INFO: Run Behavior\ShowPageTrace [ RunTime:0.000289s ]
INFO: [ app_end ] --END-- [ RunTime:0.000335s ]

[ 2016-07-17T01:33:05+08:00 ] 103.7.30.107 /weixintest/webroot/?signature=157378ff01dd51ad977891fbd87e69084ac49aa6&timestamp=1468690385&nonce=736849678&openid=oqityw7zaDB5TlSQRBzQlijTeky8&encrypt_type=aes&msg_signature=b179aaf87569ec3fa48ddbdf28a4d918b4484209
INFO: [ app_begin ] --START--
INFO: Run Behavior\ReadHtmlCache [ RunTime:0.000261s ]
INFO: [ app_begin ] --END-- [ RunTime:0.000466s ]
NOTIC: [8] Undefined index: echostr /usr/local/nginx/html/weixintest/webroot/Application/Home/Controller/IndexController.class.php 第 15 行.
NOTIC: [8] Undefined index: HTTP_RAW_POST_DATA /usr/local/nginx/html/weixintest/webroot/Application/Home/Controller/IndexController.class.php 第 31 行.
NOTIC: [8] Trying to get property of non-object /usr/local/nginx/html/weixintest/webroot/Application/Home/Controller/IndexController.class.php 第 33 行.
INFO: [ app_end ] --START--
INFO: Run Behavior\ShowPageTrace [ RunTime:0.000286s ]
INFO: [ app_end ] --END-- [ RunTime:0.000313s ]

[ 2016-07-17T01:33:12+08:00 ] 103.7.30.108 /weixintest/webroot/?signature=6ecb30c10ded36b8c12447a6d9d2f77680fb76fd&timestamp=1468690392&nonce=1872514913&openid=oqityw7zaDB5TlSQRBzQlijTeky8&encrypt_type=aes&msg_signature=1e1e655e3fc4e6eb03d3e8054501d48187554b08
INFO: [ app_begin ] --START--
INFO: Run Behavior\ReadHtmlCache [ RunTime:0.000351s ]
INFO: [ app_begin ] --END-- [ RunTime:0.000652s ]
NOTIC: [8] Undefined index: echostr /usr/local/nginx/html/weixintest/webroot/Application/Home/Controller/IndexController.class.php 第 15 行.
NOTIC: [8] Undefined index: HTTP_RAW_POST_DATA /usr/local/nginx/html/weixintest/webroot/Application/Home/Controller/IndexController.class.php 第 31 行.
NOTIC: [8] Trying to get property of non-object /usr/local/nginx/html/weixintest/webroot/Application/Home/Controller/IndexController.class.php 第 33 行.
INFO: [ app_end ] --START--
INFO: Run Behavior\ShowPageTrace [ RunTime:0.000321s ]
INFO: [ app_end ] --END-- [ RunTime:0.000353s ]

[ 2016-07-17T01:35:06+08:00 ] 103.7.30.108 /weixintest/webroot/?signature=82d228991ce0183f6178b0b9b32a7ad9b096c9b4&timestamp=1468690506&nonce=434554521&openid=oqityw7zaDB5TlSQRBzQlijTeky8&encrypt_type=aes&msg_signature=9f89eb5273c847084b26093c11f2a0010e2e0058
INFO: [ app_begin ] --START--
INFO: Run Behavior\ReadHtmlCache [ RunTime:0.000241s ]
INFO: [ app_begin ] --END-- [ RunTime:0.000449s ]
NOTIC: [8] Undefined index: echostr /usr/local/nginx/html/weixintest/webroot/Application/Home/Controller/IndexController.class.php 第 15 行.
NOTIC: [8] Undefined index: HTTP_RAW_POST_DATA /usr/local/nginx/html/weixintest/webroot/Application/Home/Controller/IndexController.class.php 第 31 行.
NOTIC: [8] Trying to get property of non-object /usr/local/nginx/html/weixintest/webroot/Application/Home/Controller/IndexController.class.php 第 33 行.
INFO: [ app_end ] --START--
INFO: Run Behavior\ShowPageTrace [ RunTime:0.000284s ]
INFO: [ app_end ] --END-- [ RunTime:0.000311s ]

[ 2016-07-17T01:35:34+08:00 ] 103.7.30.107 /weixintest/webroot/?signature=c6a9a872f3adbb013186d217d8ecfa4f55647c86&timestamp=1468690533&nonce=924815589&openid=oqityw7zaDB5TlSQRBzQlijTeky8&encrypt_type=aes&msg_signature=00e0a08baba06f7f3877e5934cf6fb75de8fef83
INFO: [ app_begin ] --START--
INFO: Run Behavior\ReadHtmlCache [ RunTime:0.000262s ]
INFO: [ app_begin ] --END-- [ RunTime:0.000463s ]
NOTIC: [8] Undefined index: echostr /usr/local/nginx/html/weixintest/webroot/Application/Home/Controller/IndexController.class.php 第 15 行.
NOTIC: [8] Undefined index: HTTP_RAW_POST_DATA /usr/local/nginx/html/weixintest/webroot/Application/Home/Controller/IndexController.class.php 第 31 行.
NOTIC: [8] Trying to get property of non-object /usr/local/nginx/html/weixintest/webroot/Application/Home/Controller/IndexController.class.php 第 33 行.
INFO: [ app_end ] --START--
INFO: Run Behavior\ShowPageTrace [ RunTime:0.000299s ]
INFO: [ app_end ] --END-- [ RunTime:0.000325s ]

[ 2016-07-17T01:41:50+08:00 ] 124.227.106.218 /weixintest/webroot/
INFO: [ app_begin ] --START--
INFO: Run Behavior\ReadHtmlCache [ RunTime:0.000300s ]
INFO: [ app_begin ] --END-- [ RunTime:0.000532s ]
NOTIC: [8] Undefined index: timestamp /usr/local/nginx/html/weixintest/webroot/Application/Home/Controller/IndexController.class.php 第 12 行.
NOTIC: [8] Undefined index: nonce /usr/local/nginx/html/weixintest/webroot/Application/Home/Controller/IndexController.class.php 第 13 行.
NOTIC: [8] Undefined index: echostr /usr/local/nginx/html/weixintest/webroot/Application/Home/Controller/IndexController.class.php 第 15 行.
NOTIC: [8] Undefined index: signature /usr/local/nginx/html/weixintest/webroot/Application/Home/Controller/IndexController.class.php 第 16 行.
NOTIC: [8] Undefined index: HTTP_RAW_POST_DATA /usr/local/nginx/html/weixintest/webroot/Application/Home/Controller/IndexController.class.php 第 31 行.
NOTIC: [8] Trying to get property of non-object /usr/local/nginx/html/weixintest/webroot/Application/Home/Controller/IndexController.class.php 第 33 行.
INFO: [ app_end ] --START--
INFO: Run Behavior\ShowPageTrace [ RunTime:0.000293s ]
INFO: [ app_end ] --END-- [ RunTime:0.000325s ]

[ 2016-07-17T01:42:51+08:00 ] 124.227.106.218 /weixintest/webroot/
INFO: [ app_begin ] --START--
INFO: Run Behavior\ReadHtmlCache [ RunTime:0.000246s ]
INFO: [ app_begin ] --END-- [ RunTime:0.000455s ]
NOTIC: [8] Undefined index: timestamp /usr/local/nginx/html/weixintest/webroot/Application/Home/Controller/IndexController.class.php 第 12 行.
NOTIC: [8] Undefined index: nonce /usr/local/nginx/html/weixintest/webroot/Application/Home/Controller/IndexController.class.php 第 13 行.
NOTIC: [8] Undefined index: echostr /usr/local/nginx/html/weixintest/webroot/Application/Home/Controller/IndexController.class.php 第 15 行.
NOTIC: [8] Undefined index: signature /usr/local/nginx/html/weixintest/webroot/Application/Home/Controller/IndexController.class.php 第 16 行.

[ 2016-07-17T01:55:53+08:00 ] 103.7.30.107 /weixintest/webroot/?signature=d93df1175b28fe77633e3b568f10774e9ff54402&timestamp=1468691753&nonce=55804430&openid=oqityw7zaDB5TlSQRBzQlijTeky8&encrypt_type=aes&msg_signature=c7d21593c793da2ed557ac4957306927b6552138
INFO: [ app_begin ] --START--
INFO: Run Behavior\ReadHtmlCache [ RunTime:0.000257s ]
INFO: [ app_begin ] --END-- [ RunTime:0.000459s ]
NOTIC: [8] Undefined index: echostr /usr/local/nginx/html/weixintest/webroot/Application/Home/Controller/IndexController.class.php 第 15 行.
INFO: [ app_end ] --START--
INFO: Run Behavior\ShowPageTrace [ RunTime:0.000329s ]
INFO: [ app_end ] --END-- [ RunTime:0.000370s ]

[ 2016-07-17T01:55:56+08:00 ] 103.7.30.107 /weixintest/webroot/?signature=7cae8a39214571313392f210398b93747bcd0339&timestamp=1468691756&nonce=756497348&openid=oqityw7zaDB5TlSQRBzQlijTeky8&encrypt_type=aes&msg_signature=9afbf009c50df7714f1da197a58b658028524c6b
INFO: [ app_begin ] --START--
INFO: Run Behavior\ReadHtmlCache [ RunTime:0.000253s ]
INFO: [ app_begin ] --END-- [ RunTime:0.000456s ]
NOTIC: [8] Undefined index: echostr /usr/local/nginx/html/weixintest/webroot/Application/Home/Controller/IndexController.class.php 第 15 行.
INFO: [ app_end ] --START--
INFO: Run Behavior\ShowPageTrace [ RunTime:0.000271s ]
INFO: [ app_end ] --END-- [ RunTime:0.000303s ]

[ 2016-07-17T08:47:47+08:00 ] 103.7.30.107 /weixintest/webroot/?signature=a8004c560a51733e53621d4ad5c86d5780bf92a2&timestamp=1468716467&nonce=4275494&openid=oqityw7zaDB5TlSQRBzQlijTeky8&encrypt_type=aes&msg_signature=54ad59481a65c667974cd44cbcb99c6560ce3341
INFO: [ app_begin ] --START--
INFO: Run Behavior\ReadHtmlCache [ RunTime:0.000513s ]
INFO: [ app_begin ] --END-- [ RunTime:0.002066s ]
NOTIC: [8] Undefined index: echostr /usr/local/nginx/html/weixintest/webroot/Application/Home/Controller/IndexController.class.php 第 15 行.
INFO: [ app_end ] --START--
INFO: Run Behavior\ShowPageTrace [ RunTime:0.000572s ]
INFO: [ app_end ] --END-- [ RunTime:0.000603s ]

[ 2016-07-17T08:48:37+08:00 ] 103.7.30.107 /weixintest/webroot/?signature=dbbc8ff398214dfa16c55dd87512afe40f762c7f&timestamp=1468716517&nonce=1778433452&openid=oqityw7zaDB5TlSQRBzQlijTeky8&encrypt_type=aes&msg_signature=97d182cf27fe20f996ad0a3ef7da4df377f13c44
INFO: [ app_begin ] --START--
INFO: Run Behavior\ReadHtmlCache [ RunTime:0.000260s ]
INFO: [ app_begin ] --END-- [ RunTime:0.000468s ]
NOTIC: [8] Undefined index: echostr /usr/local/nginx/html/weixintest/webroot/Application/Home/Controller/IndexController.class.php 第 15 行.
INFO: [ app_end ] --START--
INFO: Run Behavior\ShowPageTrace [ RunTime:0.000279s ]
INFO: [ app_end ] --END-- [ RunTime:0.000311s ]

